<?xml version="1.0" encoding="utf-8"?><testsuites name="pytest tests"><testsuite name="pytest" errors="0" failures="0" skipped="0" tests="20" time="10.973" timestamp="2026-09-02T02:53:03.261848+00:00" hostname="agent-env-3e5770fb-ea77-4fa3-b7fb-1b195e17c53d"><testcase classname="tests.test_auth_hematuangmu" name="test_register_success" time="0.574" /><testcase classname="tests.test_auth_hematuangmu" name="test_me_with_cookie" time="0.090" /><testcase classname="tests.test_auth_hematuangmu" name="test_me_with_bearer" time="0.140" /><testcase classname="tests.test_auth_hematuangmu" name="test_register_dup_username" time="0.161" /><testcase classname="tests.test_auth_hematuangmu" name="test_register_dup_email" time="0.135" /><testcase classname="tests.test_auth_hematuangmu" name="test_register_dup_phone" time="0.141" /><testcase classname="tests.test_auth_hematuangmu" name="test_register_short_password" time="0.144" /><testcase classname="tests.test_auth_hematuangmu" name="test_register_short_username" time="0.123" /><testcase classname="tests.test_auth_hematuangmu" name="test_login_with_username" time="0.384" /><testcase classname="tests.test_auth_hematuangmu" name="test_login_with_phone_local" time="0.363" /><testcase classname="tests.test_auth_hematuangmu" name="test_login_with_phone_plus62" time="0.362" /><testcase classname="tests.test_auth_hematuangmu" name="test_login_with_uppercase_email" time="0.359" /><testcase classname="tests.test_auth_hematuangmu" name="test_login_wrong_password" time="0.342" /><testcase classname="tests.test_auth_hematuangmu" name="test_google_session_token_fallback" time="0.243" /><testcase classname="tests.test_auth_hematuangmu" name="test_categories_seeded" time="0.093" /><testcase classname="tests.test_auth_hematuangmu" name="test_transaction_create_and_read" time="0.203" /><testcase classname="tests.test_auth_hematuangmu" name="test_analytics_summary" time="0.099" /><testcase classname="tests.test_auth_hematuangmu" name="test_telegram_status" time="0.549" /><testcase classname="tests.test_auth_hematuangmu" name="test_parse_text" time="5.165" /><testcase classname="tests.test_auth_hematuangmu" name="test_zz_cleanup" time="0.025" /></testsuite></testsuites>