<?xml version="1.0" encoding="utf-8"?><testsuites name="pytest tests"><testsuite name="pytest" errors="0" failures="0" skipped="0" tests="19" time="7.513" timestamp="2026-09-02T03:23:29.432066+00:00" hostname="agent-env-3e5770fb-ea77-4fa3-b7fb-1b195e17c53d"><testcase classname="tests.test_budgets_recurring_wrapped.TestBudgets" name="test_create_budget" time="0.524" /><testcase classname="tests.test_budgets_recurring_wrapped.TestBudgets" name="test_upsert_updates_same_category" time="0.140" /><testcase classname="tests.test_budgets_recurring_wrapped.TestBudgets" name="test_list_budgets_has_spent_and_percent" time="0.069" /><testcase classname="tests.test_budgets_recurring_wrapped.TestBudgets" name="test_expense_updates_spent" time="0.208" /><testcase classname="tests.test_budgets_recurring_wrapped.TestBudgets" name="test_budget_alert_thresholds" time="0.339" /><testcase classname="tests.test_budgets_recurring_wrapped.TestBudgets" name="test_delete_budget" time="0.207" /><testcase classname="tests.test_budgets_recurring_wrapped.TestRecurring" name="test_create_recurring" time="0.065" /><testcase classname="tests.test_budgets_recurring_wrapped.TestRecurring" name="test_list_recurring_sorted" time="0.130" /><testcase classname="tests.test_budgets_recurring_wrapped.TestRecurring" name="test_update_recurring" time="0.069" /><testcase classname="tests.test_budgets_recurring_wrapped.TestRecurring" name="test_lazy_materialization" time="0.081" /><testcase classname="tests.test_budgets_recurring_wrapped.TestRecurring" name="test_delete_recurring" time="0.069" /><testcase classname="tests.test_budgets_recurring_wrapped.TestWrapped" name="test_empty_month" time="0.070" /><testcase classname="tests.test_budgets_recurring_wrapped.TestWrapped" name="test_invalid_month" time="0.064" /><testcase classname="tests.test_budgets_recurring_wrapped.TestWrapped" name="test_populated_month" time="4.397" /><testcase classname="tests.test_budgets_recurring_wrapped.TestRegression" name="test_auth_me" time="0.069" /><testcase classname="tests.test_budgets_recurring_wrapped.TestRegression" name="test_transactions_list" time="0.065" /><testcase classname="tests.test_budgets_recurring_wrapped.TestRegression" name="test_analytics_summary" time="0.071" /><testcase classname="tests.test_budgets_recurring_wrapped.TestRegression" name="test_telegram_status" time="0.477" /><testcase classname="tests.test_budgets_recurring_wrapped.TestRegression" name="test_unauth_budgets" time="0.242" /></testsuite></testsuites>