<?xml version="1.0" encoding="utf-8"?><testsuites name="pytest tests"><testsuite name="pytest" errors="0" failures="0" skipped="0" tests="9" time="8.682" timestamp="2026-09-02T03:10:12.805244+00:00" hostname="agent-env-3e5770fb-ea77-4fa3-b7fb-1b195e17c53d"><testcase classname="tests.test_forgot_password" name="test_forgot_existing_user_creates_row" time="1.234" /><testcase classname="tests.test_forgot_password" name="test_forgot_nonexistent_user_no_row" time="0.132" /><testcase classname="tests.test_forgot_password" name="test_forgot_rate_limit" time="0.755" /><testcase classname="tests.test_forgot_password" name="test_reset_wrong_otp_increments_attempts" time="0.669" /><testcase classname="tests.test_forgot_password" name="test_reset_lockout_after_5_attempts" time="0.354" /><testcase classname="tests.test_forgot_password" name="test_reset_expired_otp" time="0.325" /><testcase classname="tests.test_forgot_password" name="test_reset_invalid_otp_format" time="0.344" /><testcase classname="tests.test_forgot_password" name="test_reset_success_and_old_password_fails" time="1.847" /><testcase classname="tests.test_forgot_password" name="test_google_only_user_can_set_password" time="1.816" /></testsuite></testsuites>